<?xml version="1.0" encoding="UTF-8"?>
<testsuite name="TestingPackage.TestingRunClassManualTab" tests="1" skipped="0" failures="0" errors="0" timestamp="2024-10-03T17:42:23" hostname="DESKTOP-42KN1G2" time="31.112">
  <properties/>
  <testcase name="GoToManualTestingMenuItem" classname="TestingPackage.TestingRunClassManualTab" time="31.112"/>
  <system-out><![CDATA[*****Test Started : GoToManualTestingMenuItem
Page Title :Sample Webpage for Selenium Automation Practice | ArtOfTesting
****************Test passed : GoToManualTestingMenuItem
]]></system-out>
  <system-err><![CDATA[]]></system-err>
</testsuite>
